{"logLevel":"debug","message":"Scanning packages for steps"}
{"logLevel":"debug","message":"Comparing 'pages.searchPage.aramaYap' and 'pages.searchPage.aramaYap'"}
{"logLevel":"debug","message":"Found Arama kısmına tıklanır in current project scope."}
{"logLevel":"debug","message":"Comparing 'pages.searchPage.pantalonAra' and 'pages.searchPage.pantalonAra'"}
{"logLevel":"debug","message":"Found Üst tarafta bulunan arama çubuğuna pantalon yazılır ve enter yapılır. in current project scope."}
{"logLevel":"debug","message":"Comparing 'methods.Method.waitForSecods' and 'methods.Method.waitForSecods'"}
{"logLevel":"debug","message":"Found {} saniye bekle in current project scope."}
{"logLevel":"debug","message":"Comparing 'pages.indexPage.locationAllow' and 'pages.indexPage.locationAllow'"}
{"logLevel":"debug","message":"Found Navigation izni allow yapılır in current project scope."}
{"logLevel":"debug","message":"Scanning packages for hooks"}
{"logLevel":"debug","message":"Scanned steps: "}
{"logLevel":"debug","message":"\tArama kısmına tıklanır : public void aramaYap()"}
{"logLevel":"debug","message":"\t{} saniye bekle : public void waitForSecods(ınt x) throws InterruptedException"}
{"logLevel":"debug","message":"\tÜst tarafta bulunan arama çubuğuna pantalon yazılır ve enter yapılır. : public void pantalonAra()"}
{"logLevel":"debug","message":"\tNavigation izni allow yapılır : public void locationAllow()"}
SLF4J: Failed to load class "org.slf4j.impl.StaticLoggerBinder".
SLF4J: Defaulting to no-operation (NOP) logger implementation
SLF4J: See http://www.slf4j.org/codes.html#StaticLoggerBinder for further details.
log4j:WARN No appenders could be found for logger (io.grpc.netty.shaded.io.netty.util.internal.logging.InternalLoggerFactory).
log4j:WARN Please initialize the log4j system properly.
log4j:WARN See http://logging.apache.org/log4j/1.2/faq.html#noconfig for more info.
{"logLevel":"info","message":"Listening on port:60577"}
Oca 09, 2023 1:18:57 ÖS io.appium.java_client.remote.AppiumCommandExecutor$1 lambda$0
INFO: Detected dialect: W3C
{"logLevel":"debug","message":"Executing 'Navigation izni allow yapılır' using 'class pages.indexPage.locationAllow"}
{"logLevel":"debug","message":"Executing 'Arama kısmına tıklanır' using 'class pages.searchPage.aramaYap"}
{"logLevel":"debug","message":"Executing 'Üst tarafta bulunan arama çubuğuna pantalon yazılır ve enter yapılır.' using 'class pages.searchPage.pantalonAra"}
{"logLevel":"debug","message":"Executing '{} saniye bekle' using 'class methods.Method.waitForSecods"}
