{"logLevel":"debug","message":"Scanning packages for steps"}
{"logLevel":"debug","message":"Comparing 'methods.Method.sendEnter' and 'methods.Method.sendEnter'"}
{"logLevel":"debug","message":"Found Enter gönder in current project scope."}
{"logLevel":"debug","message":"Comparing 'methods.Method.click' and 'methods.Method.click'"}
{"logLevel":"debug","message":"Found {} Tıkla in current project scope."}
{"logLevel":"debug","message":"Comparing 'methods.Method.sendKeys' and 'methods.Method.sendKeys'"}
{"logLevel":"debug","message":"Found {} elementine {} yaz in current project scope."}
{"logLevel":"debug","message":"Comparing 'methods.Method.waitForSecods' and 'methods.Method.waitForSecods'"}
{"logLevel":"debug","message":"Found {} saniye bekle in current project scope."}
{"logLevel":"debug","message":"Scanning packages for hooks"}
{"logLevel":"debug","message":"Scanned steps: "}
{"logLevel":"debug","message":"\t{} elementine {} yaz : public void sendKeys(By by, String text)"}
{"logLevel":"debug","message":"\t{} saniye bekle : public void waitForSecods(ınt x) throws InterruptedException"}
{"logLevel":"debug","message":"\tEnter gönder : public void sendEnter()"}
{"logLevel":"debug","message":"\t{} Tıkla : public void click(String id)"}
SLF4J: Failed to load class "org.slf4j.impl.StaticLoggerBinder".
SLF4J: Defaulting to no-operation (NOP) logger implementation
SLF4J: See http://www.slf4j.org/codes.html#StaticLoggerBinder for further details.
log4j:WARN No appenders could be found for logger (io.grpc.netty.shaded.io.netty.util.internal.logging.InternalLoggerFactory).
log4j:WARN Please initialize the log4j system properly.
log4j:WARN See http://logging.apache.org/log4j/1.2/faq.html#noconfig for more info.
{"logLevel":"info","message":"Listening on port:51049"}
Oca 09, 2023 3:08:23 ÖS io.appium.java_client.remote.AppiumCommandExecutor$1 lambda$0
INFO: Detected dialect: W3C
{"logLevel":"debug","message":"Executing '{} saniye bekle' using 'class methods.Method.waitForSecods"}
{"logLevel":"debug","message":"Executing '{} Tıkla' using 'class methods.Method.click"}
{"logLevel":"debug","message":"Executing '{} Tıkla' using 'class methods.Method.click"}
