{"logLevel":"debug","message":"Scanning packages for steps"}
{"logLevel":"debug","message":"Comparing 'methods.Method.sendEnter' and 'methods.Method.sendEnter'"}
{"logLevel":"debug","message":"Found Enter'a bas in current project scope."}
{"logLevel":"debug","message":"Comparing 'methods.Method.sepeteEkleKontrol' and 'methods.Method.sepeteEkleKontrol'"}
{"logLevel":"debug","message":"Found {} elementinin textinin {} olduğunu kontrol et in current project scope."}
{"logLevel":"debug","message":"Comparing 'methods.Method.swipeScreen' and 'methods.Method.swipeScreen'"}
{"logLevel":"debug","message":"Found Sayfa aşağıya kaydırılır in current project scope."}
{"logLevel":"debug","message":"Comparing 'methods.Method.randomUrun' and 'methods.Method.randomUrun'"}
{"logLevel":"debug","message":"Found {}'den random {} seçilir in current project scope."}
{"logLevel":"debug","message":"Comparing 'methods.Method.click' and 'methods.Method.click'"}
{"logLevel":"debug","message":"Found {} id'ye tıkla in current project scope."}
{"logLevel":"debug","message":"Comparing 'methods.Method.sendKeys' and 'methods.Method.sendKeys'"}
{"logLevel":"debug","message":"Found {} elementine {} yaz in current project scope."}
{"logLevel":"debug","message":"Comparing 'methods.Method.waitForSecods' and 'methods.Method.waitForSecods'"}
{"logLevel":"debug","message":"Found {} saniye bekle in current project scope."}
{"logLevel":"debug","message":"Comparing 'methods.Method.clickXPath' and 'methods.Method.clickXPath'"}
{"logLevel":"debug","message":"Found {} xpath'e tıkla in current project scope."}
{"logLevel":"debug","message":"Comparing 'methods.Method.fiyatAl' and 'methods.Method.fiyatAl'"}
{"logLevel":"debug","message":"Found {} ürününün {} kontrol edilir in current project scope."}
{"logLevel":"debug","message":"Scanning packages for hooks"}
{"logLevel":"debug","message":"Scanned steps: "}
{"logLevel":"debug","message":"\tEnter'a bas : public void sendEnter()"}
{"logLevel":"debug","message":"\t{}'den random {} seçilir : public void randomUrun(String urunler, String urun)"}
{"logLevel":"debug","message":"\t{} elementine {} yaz : public void sendKeys(String id, String text)"}
{"logLevel":"debug","message":"\tSayfa aşağıya kaydırılır : public void swipeScreen()"}
{"logLevel":"debug","message":"\t{} ürününün {} kontrol edilir : public void fiyatAl(String id, String fiyat)"}
{"logLevel":"debug","message":"\t{} saniye bekle : public void waitForSecods(ınt x) throws InterruptedException"}
{"logLevel":"debug","message":"\t{} elementinin textinin {} olduğunu kontrol et : public void sepeteEkleKontrol(String id, String text)"}
{"logLevel":"debug","message":"\t{} id'ye tıkla : public void click(String id)"}
{"logLevel":"debug","message":"\t{} xpath'e tıkla : public void clickXPath(String xpath)"}
SLF4J: Failed to load class "org.slf4j.impl.StaticLoggerBinder".
SLF4J: Defaulting to no-operation (NOP) logger implementation
SLF4J: See http://www.slf4j.org/codes.html#StaticLoggerBinder for further details.
{"logLevel":"info","message":"Listening on port:50236"}
2023-01-12 09:22:08,834 +03:00 INFO  d.BaseTest:26 setUp - Test Başladı
Oca 12, 2023 9:22:18 ÖÖ io.appium.java_client.remote.AppiumCommandExecutor$1 lambda$0
INFO: Detected dialect: W3C
{"logLevel":"debug","message":"Executing '{} id'ye tıkla' using 'class methods.Method.click"}
{"logLevel":"debug","message":"Executing '{} id'ye tıkla' using 'class methods.Method.click"}
{"logLevel":"debug","message":"Executing '{} id'ye tıkla' using 'class methods.Method.click"}
{"logLevel":"debug","message":"Executing '{} elementine {} yaz' using 'class methods.Method.sendKeys"}
{"logLevel":"debug","message":"Executing 'Enter'a bas' using 'class methods.Method.sendEnter"}
{"logLevel":"debug","message":"Executing '{} id'ye tıkla' using 'class methods.Method.click"}
{"logLevel":"debug","message":"Executing '{} xpath'e tıkla' using 'class methods.Method.clickXPath"}
{"logLevel":"debug","message":"Executing '{} xpath'e tıkla' using 'class methods.Method.clickXPath"}
{"logLevel":"debug","message":"Executing '{} id'ye tıkla' using 'class methods.Method.click"}
{"logLevel":"debug","message":"Executing '{}'den random {} seçilir' using 'class methods.Method.randomUrun"}
{"logLevel":"debug","message":"Executing 'Sayfa aşağıya kaydırılır' using 'class methods.Method.swipeScreen"}
{"logLevel":"debug","message":"Executing '{} elementinin textinin {} olduğunu kontrol et' using 'class methods.Method.sepeteEkleKontrol"}
2023-01-12 09:23:14,202 +03:00 INFO  m.Method:75 sepeteEkleKontrol - SEPETE EKLE Elementi Görünür.
{"logLevel":"debug","message":"Executing '{} id'ye tıkla' using 'class methods.Method.click"}
{"logLevel":"debug","message":"Executing '{} elementinin textinin {} olduğunu kontrol et' using 'class methods.Method.sepeteEkleKontrol"}
2023-01-12 09:23:16,436 +03:00 INFO  m.Method:75 sepeteEkleKontrol - Kullanıcı Girişi Elementi Görünür.
2023-01-12 09:23:16,441 +03:00 INFO  d.BaseTest:39 tearDown - Test Bitti
